c:\users\woals\source\repos\computergraphics_2_rotatingbunny\computergraphics_2_rotatingbunny\x64\release\vc143.pdb
c:\users\woals\source\repos\computergraphics_2_rotatingbunny\computergraphics_2_rotatingbunny\x64\release\testbox.obj
c:\users\woals\source\repos\computergraphics_2_rotatingbunny\x64\release\assimp-vc143-mt.dll
c:\users\woals\source\repos\computergraphics_2_rotatingbunny\x64\release\poly2tri.dll
c:\users\woals\source\repos\computergraphics_2_rotatingbunny\x64\release\minizip.dll
c:\users\woals\source\repos\computergraphics_2_rotatingbunny\x64\release\zlib1.dll
c:\users\woals\source\repos\computergraphics_2_rotatingbunny\x64\release\pugixml.dll
c:\users\woals\source\repos\computergraphics_2_rotatingbunny\x64\release\computergraphics_2_rotatingbunny.exe
c:\users\woals\source\repos\computergraphics_2_rotatingbunny\x64\release\computergraphics_2_rotatingbunny.pdb
c:\users\woals\source\repos\computergraphics_2_rotatingbunny\computergraphics_2_rotatingbunny\x64\release\computergraphics_2_rotatingbunny.ipdb
c:\users\woals\source\repos\computergraphics_2_rotatingbunny\computergraphics_2_rotatingbunny\x64\release\computergraphics_2_rotatingbunny.iobj
c:\users\woals\source\repos\computergraphics_2_rotatingbunny\computergraphics_2_rotatingbunny\x64\release\computer.e6b2d4cc.tlog\cl.command.1.tlog
c:\users\woals\source\repos\computergraphics_2_rotatingbunny\computergraphics_2_rotatingbunny\x64\release\computer.e6b2d4cc.tlog\cl.items.tlog
c:\users\woals\source\repos\computergraphics_2_rotatingbunny\computergraphics_2_rotatingbunny\x64\release\computer.e6b2d4cc.tlog\cl.read.1.tlog
c:\users\woals\source\repos\computergraphics_2_rotatingbunny\computergraphics_2_rotatingbunny\x64\release\computer.e6b2d4cc.tlog\cl.write.1.tlog
c:\users\woals\source\repos\computergraphics_2_rotatingbunny\computergraphics_2_rotatingbunny\x64\release\computer.e6b2d4cc.tlog\computergraphics_2_rotatingbunny.write.1u.tlog
c:\users\woals\source\repos\computergraphics_2_rotatingbunny\computergraphics_2_rotatingbunny\x64\release\computer.e6b2d4cc.tlog\link.command.1.tlog
c:\users\woals\source\repos\computergraphics_2_rotatingbunny\computergraphics_2_rotatingbunny\x64\release\computer.e6b2d4cc.tlog\link.read.1.tlog
c:\users\woals\source\repos\computergraphics_2_rotatingbunny\computergraphics_2_rotatingbunny\x64\release\computer.e6b2d4cc.tlog\link.secondary.1.tlog
c:\users\woals\source\repos\computergraphics_2_rotatingbunny\computergraphics_2_rotatingbunny\x64\release\computer.e6b2d4cc.tlog\link.write.1.tlog
